{"level":"info","time":"2025-03-31T17:53:43Z","message":"Starting SolarEdge-Exporter"}
{"level":"info","time":"2025-03-31T17:53:43Z","message":"Configured Inverter Address: "}
{"level":"info","time":"2025-03-31T17:53:43Z","message":"Configured Inverter Port: 0"}
{"level":"info","time":"2025-03-31T17:53:43Z","message":"Configured Listen Address: "}
{"level":"info","time":"2025-03-31T17:53:43Z","message":"Configured Listen Port: 2112"}
{"level":"error","time":"2025-03-31T17:53:43Z","message":"Error connecting to Inverter: dial tcp :0: connect: connection refused"}
{"level":"info","time":"2025-03-31T17:53:43Z","message":"Inverter Model: "}
{"level":"info","time":"2025-03-31T17:53:43Z","message":"Inverter Serial: "}
{"level":"info","time":"2025-03-31T17:53:43Z","message":"Inverter Version: "}
{"level":"info","time":"2025-03-31T17:53:43Z","message":"Meter Manufacturer: "}
{"level":"info","time":"2025-03-31T17:53:43Z","message":"Meter Model: "}
{"level":"info","time":"2025-03-31T17:53:43Z","message":"Meter Serial: "}
{"level":"info","time":"2025-03-31T17:53:43Z","message":"Meter Version: "}
{"level":"info","time":"2025-03-31T17:53:43Z","message":"Meter Option: "}
{"level":"error","time":"2025-03-31T17:53:43Z","message":"Error reading holding registers: dial tcp :0: connect: connection refused"}
{"level":"error","time":"2025-03-31T17:53:43Z","message":"Attempting to reconnect"}
{"level":"info","time":"2025-03-31T17:54:27Z","message":"Starting SolarEdge-Exporter"}
{"level":"info","time":"2025-03-31T17:54:27Z","message":"Configured Inverter Address: "}
{"level":"info","time":"2025-03-31T17:54:27Z","message":"Configured Inverter Port: 0"}
{"level":"info","time":"2025-03-31T17:54:27Z","message":"Configured Listen Address: "}
{"level":"info","time":"2025-03-31T17:54:27Z","message":"Configured Listen Port: 2112"}
{"level":"error","time":"2025-03-31T17:54:27Z","message":"Error connecting to Inverter: dial tcp :0: connect: connection refused"}
{"level":"info","time":"2025-03-31T17:54:27Z","message":"Inverter Model: "}
{"level":"info","time":"2025-03-31T17:54:27Z","message":"Inverter Serial: "}
{"level":"info","time":"2025-03-31T17:54:27Z","message":"Inverter Version: "}
{"level":"info","time":"2025-03-31T17:54:27Z","message":"Meter Manufacturer: "}
{"level":"info","time":"2025-03-31T17:54:27Z","message":"Meter Model: "}
{"level":"info","time":"2025-03-31T17:54:27Z","message":"Meter Serial: "}
{"level":"info","time":"2025-03-31T17:54:27Z","message":"Meter Version: "}
{"level":"info","time":"2025-03-31T17:54:27Z","message":"Meter Option: "}
{"level":"error","time":"2025-03-31T17:54:27Z","message":"Error reading holding registers: dial tcp :0: connect: connection refused"}
{"level":"error","time":"2025-03-31T17:54:27Z","message":"Attempting to reconnect"}
{"level":"info","time":"2025-03-31T17:57:36Z","message":"Starting SolarEdge-Exporter"}
{"level":"info","time":"2025-03-31T17:57:36Z","message":"Configured Inverter Address: "}
{"level":"info","time":"2025-03-31T17:57:36Z","message":"Configured Inverter Port: 0"}
{"level":"info","time":"2025-03-31T17:57:36Z","message":"Configured Listen Address: "}
{"level":"info","time":"2025-03-31T17:57:36Z","message":"Configured Listen Port: 2112"}
{"level":"error","time":"2025-03-31T17:57:36Z","message":"Error connecting to Inverter: dial tcp :0: connect: connection refused"}
{"level":"info","time":"2025-03-31T17:57:36Z","message":"Inverter Model: "}
{"level":"info","time":"2025-03-31T17:57:36Z","message":"Inverter Serial: "}
{"level":"info","time":"2025-03-31T17:57:36Z","message":"Inverter Version: "}
{"level":"info","time":"2025-03-31T17:57:36Z","message":"Meter Manufacturer: "}
{"level":"info","time":"2025-03-31T17:57:36Z","message":"Meter Model: "}
{"level":"info","time":"2025-03-31T17:57:36Z","message":"Meter Serial: "}
{"level":"info","time":"2025-03-31T17:57:36Z","message":"Meter Version: "}
{"level":"info","time":"2025-03-31T17:57:36Z","message":"Meter Option: "}
{"level":"error","time":"2025-03-31T17:57:36Z","message":"Error reading holding registers: dial tcp :0: connect: connection refused"}
{"level":"error","time":"2025-03-31T17:57:36Z","message":"Attempting to reconnect"}
